<?xml version="1.0" encoding="UTF-8"?>
<!-- Generated by org.testng.reporters.JUnitReportReporter -->
<testsuite hostname="LAPTOP-VMQJ18B0" failures="0" tests="2" name="testcases.GetHotels" time="7.783" errors="0" timestamp="2023-07-23T00:47:25 EET" skipped="0">
  <testcase classname="testcases.GetHotels" name="gethotelwithinvalidates" time="5.894"/>
  <system-out/>
  <testcase classname="testcases.GetHotels" name="notexiesthotel" time="1.889"/>
  <system-out/>
</testsuite> <!-- testcases.GetHotels -->
