<?xml version="1.0" encoding="UTF-8"?>
<!-- Generated by org.testng.reporters.JUnitReportReporter -->
<testsuite hostname="LAPTOP-VMQJ18B0" failures="0" tests="3" name="testcases.TestCases" time="13.157" errors="0" timestamp="2023-07-22T22:45:27 EET" skipped="0">
  <testcase classname="testcases.TestCases" name="addvoucher" time="7.476"/>
  <system-out/>
  <testcase classname="testcases.TestCases" name="gethotel" time="2.217"/>
  <system-out/>
  <testcase classname="testcases.TestCases" name="gethote2l" time="3.464"/>
  <system-out/>
</testsuite> <!-- testcases.TestCases -->
