<?xml version="1.0" encoding="UTF-8"?>
<!-- Generated by org.testng.reporters.JUnitReportReporter -->
<testsuite hostname="LAPTOP-VMQJ18B0" failures="0" tests="4" name="testcases.Postvalidateidentifier" time="5.976" errors="0" timestamp="2023-07-23T00:46:54 EET" skipped="0">
  <testcase classname="testcases.Postvalidateidentifier" name="invalidmethod" time="4.676"/>
  <system-out/>
  <testcase classname="testcases.Postvalidateidentifier" name="validateidentifier" time="0.476"/>
  <system-out/>
  <testcase classname="testcases.Postvalidateidentifier" name="nulltoken" time="0.448"/>
  <system-out/>
  <testcase classname="testcases.Postvalidateidentifier" name="nullmethod" time="0.376"/>
  <system-out/>
</testsuite> <!-- testcases.Postvalidateidentifier -->
